[strawpoll.com/create/index.html]
[backblue.gif]
[fade.gif]
[index.html]
[cdn.strawpoll.com/dist/main7bab.css]
[cdn.strawpoll.com/dist/app7bab.js]
[cdn.strawpoll.com/dist/sortable7bab.js]
[strawpoll.com/apple-touch-icon.png]
[strawpoll.com/favicon-32x32.png]
[strawpoll.com/favicon-16x16.png]
[cdn.strawpoll.com/images/screenshots/create-poll-vote-c.png]
[cdn.strawpoll.com/images/screenshots/create-poll-vote-dark-c.png]
[cdn.strawpoll.com/images/screenshots/create-poll-results-c.png]
[cdn.strawpoll.com/images/screenshots/create-poll-results-dark-c.png]
[strawpoll.com/create/index.html]
[cdn.strawpoll.com/dist/fonts/inter-cyrillic-ext.woff2]
[cdn.strawpoll.com/dist/fonts/inter-cyrillic.woff2]
[cdn.strawpoll.com/dist/fonts/inter-greek-ext.woff2]
[cdn.strawpoll.com/dist/fonts/inter-greek.woff2]
[cdn.strawpoll.com/dist/fonts/inter-vietnamese.woff2]
[cdn.strawpoll.com/dist/fonts/inter-latin-ext.woff2]
[cdn.strawpoll.com/dist/fonts/inter-latin.woff2]
[cdn.strawpoll.com/dist/main7bab.css]
